#
# A fatal error has been detected by the Java Runtime Environment:
#
#  Internal Error (javaClasses.cpp:129), pid=3456, tid=7720
#  fatal error: Invalid layout of preloaded class
#
# JRE version: 7.0_17-b02
# Java VM: Java HotSpot(TM) 64-Bit Server VM (23.7-b01 mixed mode windows-amd64 compressed oops)
# Failed to write core dump. Minidumps are not enabled by default on client versions of Windows
#
# If you would like to submit a bug report, please visit:
#   http://bugreport.sun.com/bugreport/crash.jsp
#

---------------  T H R E A D  ---------------

Current thread (0x000000000268e000):  JavaThread "Unknown thread" [_thread_in_vm, id=7720, stack(0x0000000002580000,0x0000000002680000)]

Stack: [0x0000000002580000,0x0000000002680000]

---------------  P R O C E S S  ---------------

Java Threads: ( => current thread )

Other Threads:

=>0x000000000268e000 (exited) JavaThread "Unknown thread" [_thread_in_vm, id=7720, stack(0x0000000002580000,0x0000000002680000)]

VM state:not at safepoint (not fully initialized)

VM Mutex/Monitor currently owned by a thread: None

GC Heap History (0 events):
No events

Deoptimization events (0 events):
No events

Internal exceptions (0 events):
No events

Events (10 events):
Event: 0.009 loading class 0x0000000002717fa0 done
Event: 0.009 loading class 0x0000000002718540 done
Event: 0.009 loading class 0x0000000002718180
Event: 0.010 loading class 0x000000000271fd30
Event: 0.010 loading class 0x000000000271fd30 done
Event: 0.010 loading class 0x000000000271fab0
Event: 0.010 loading class 0x000000000271fab0 done
Event: 0.010 loading class 0x000000000cb5e140
Event: 0.010 loading class 0x000000000cb5e140 done
Event: 0.010 loading class 0x0000000002718180 done


Dynamic libraries:
0x00007ff6760b0000 - 0x00007ff6760e3000 	C:\Program Files\Java\jre7\bin\javaw.exe
0x00007ffbb94c0000 - 0x00007ffbb9669000 	C:\WINDOWS\SYSTEM32\ntdll.dll
0x00007ffbb74b0000 - 0x00007ffbb75e9000 	C:\WINDOWS\system32\KERNEL32.DLL
0x00007ffbb69b0000 - 0x00007ffbb6abe000 	C:\WINDOWS\system32\KERNELBASE.dll
0x00007ffbb53a0000 - 0x00007ffbb542b000 	C:\WINDOWS\system32\apphelp.dll
0x00007ffbb4d90000 - 0x00007ffbb4ddc000 	C:\WINDOWS\AppPatch\AppPatch64\AcGenral.DLL
0x00007ffbb7a00000 - 0x00007ffbb7aa7000 	C:\WINDOWS\system32\msvcrt.dll
0x00007ffbb6680000 - 0x00007ffbb66ab000 	C:\WINDOWS\SYSTEM32\SspiCli.dll
0x00007ffbb7b10000 - 0x00007ffbb7b61000 	C:\WINDOWS\system32\SHLWAPI.dll
0x00007ffbb8fe0000 - 0x00007ffbb9151000 	C:\WINDOWS\system32\USER32.dll
0x00007ffbb6d50000 - 0x00007ffbb6ec6000 	C:\WINDOWS\system32\ole32.dll
0x00007ffbb7bd0000 - 0x00007ffbb8fdf000 	C:\WINDOWS\system32\SHELL32.dll
0x00007ffbb5eb0000 - 0x00007ffbb5ecf000 	C:\WINDOWS\SYSTEM32\USERENV.dll
0x00007ffbb72d0000 - 0x00007ffbb7375000 	C:\WINDOWS\system32\ADVAPI32.dll
0x00007ffba97f0000 - 0x00007ffba980b000 	C:\WINDOWS\SYSTEM32\MPR.dll
0x00007ffbb7840000 - 0x00007ffbb7976000 	C:\WINDOWS\system32\RPCRT4.dll
0x00007ffbb7b70000 - 0x00007ffbb7bc7000 	C:\WINDOWS\SYSTEM32\sechost.dll
0x00007ffbb6ee0000 - 0x00007ffbb70b7000 	C:\WINDOWS\SYSTEM32\combase.dll
0x00007ffbb7180000 - 0x00007ffbb72c5000 	C:\WINDOWS\system32\GDI32.dll
0x00007ffbb6840000 - 0x00007ffbb6854000 	C:\WINDOWS\SYSTEM32\profapi.dll
0x00007ffbb5430000 - 0x00007ffbb54d1000 	C:\WINDOWS\SYSTEM32\SHCORE.dll
0x00007ffbb9480000 - 0x00007ffbb94b4000 	C:\WINDOWS\system32\IMM32.DLL
0x00007ffbb9160000 - 0x00007ffbb9298000 	C:\WINDOWS\system32\MSCTF.dll
0x00007ffbb48b0000 - 0x00007ffbb4b0a000 	C:\WINDOWS\WinSxS\amd64_microsoft.windows.common-controls_6595b64144ccf1df_6.0.9600.16384_none_62475f7becb72503\COMCTL32.dll
0x0000000076f90000 - 0x0000000077061000 	C:\Program Files\Java\jre7\bin\msvcr100.dll
0x0000000076870000 - 0x0000000076f8f000 	C:\Program Files\Java\jre7\bin\server\jvm.dll
0x00007ffbadb20000 - 0x00007ffbadb29000 	C:\WINDOWS\SYSTEM32\WSOCK32.dll
0x00007ffbb4b40000 - 0x00007ffbb4b5f000 	C:\WINDOWS\SYSTEM32\WINMM.dll
0x00007ffbb79f0000 - 0x00007ffbb79f7000 	C:\WINDOWS\system32\PSAPI.DLL
0x00007ffbb7380000 - 0x00007ffbb73d8000 	C:\WINDOWS\system32\WS2_32.dll
0x00007ffbb4870000 - 0x00007ffbb489a000 	C:\WINDOWS\SYSTEM32\WINMMBASE.dll
0x00007ffbb7980000 - 0x00007ffbb7989000 	C:\WINDOWS\system32\NSI.dll
0x00007ffbb6910000 - 0x00007ffbb695a000 	C:\WINDOWS\SYSTEM32\cfgmgr32.dll
0x00007ffbb56d0000 - 0x00007ffbb56f6000 	C:\WINDOWS\SYSTEM32\DEVOBJ.dll
0x00000000776f0000 - 0x00000000776ff000 	C:\Program Files\Java\jre7\bin\verify.dll
0x0000000077480000 - 0x00000000774a8000 	C:\Program Files\Java\jre7\bin\java.dll
0x00000000776d0000 - 0x00000000776e5000 	C:\Program Files\Java\jre7\bin\zip.dll

VM Arguments:
jvm_args: -Dfile.encoding=Cp1252 -Xbootclasspath:D:\adt-bundle-windows-x86_64-20131030\sdk\platforms\android-19\android.jar 
java_command: se.agile.princepolo.model.GitHubIntegration
Launcher Type: SUN_STANDARD

Environment Variables:
CLASSPATH=.;C:\Program Files (x86)\Java\jre7\lib\ext\QTJava.zip
PATH=C:\Program Files (x86)\Haskell\bin;C:\Program Files (x86)\Haskell Platform\2013.2.0.0\lib\extralibs\bin;C:\Program Files (x86)\Haskell Platform\2013.2.0.0\bin;C:\Program Files (x86)\NVIDIA Corporation\PhysX\Common;C:\Windows\system32;C:\Windows;C:\Windows\System32\Wbem;C:\Windows\System32\WindowsPowerShell\v1.0\;C:\Program Files\Diskeeper Corporation\ExpressCache\;"C:\PostgreSQL\9.2\bin";"C:\Python27";"C:\Python27\lib";"C:\Python27\Scripts";"C:\MySQL\MySQL Server 5.6\bin";C:\Program Files (x86)\Windows Live\Shared;C:\Program Files (x86)\QuickTime\QTSystem\;C:\Program Files (x86)\MiKTeX 2.9\miktex\bin\;C:\Program Files (x86)\Haskell Platform\2013.2.0.0\mingw\bin;C:\Program Files\Intel\WiFi\bin\;C:\Program Files\Common Files\Intel\WirelessCommon\;C:\WINDOWS\system32;C:\WINDOWS;C:\WINDOWS\System32\Wbem;C:\WINDOWS\System32\WindowsPowerShell\v1.0\;C:\Program Files (x86)\CineForm\Tools;C:\Program Files (x86)\Git\bin;C:\Users\Jacob\AppData\Roaming\cabal\bin;C:\Program Files\Intel\WiFi\bin\;C:\Program Files\Common Files\Intel\WirelessCommon\;C:\Program Files\Mercurial
USERNAME=Jacob
OS=Windows_NT
PROCESSOR_IDENTIFIER=Intel64 Family 6 Model 58 Stepping 9, GenuineIntel



---------------  S Y S T E M  ---------------

OS: Windows 8 , 64 bit Build 9200 

CPU:total 4 (2 cores per cpu, 2 threads per core) family 6 model 58 stepping 9, cmov, cx8, fxsr, mmx, sse, sse2, sse3, ssse3, sse4.1, sse4.2, popcnt, avx, ht, tsc, tscinvbit, tscinv

Memory: 4k page, physical 10368576k(5644744k free), swap 12727872k(6975224k free)

vm_info: Java HotSpot(TM) 64-Bit Server VM (23.7-b01) for windows-amd64 JRE (1.7.0_17-b02), built on Mar  1 2013 03:38:30 by "java_re" with unknown MS VC++:1600

time: Wed Apr 02 16:22:16 2014
elapsed time: 0 seconds

